# JRE version: Java(TM) SE Runtime Environment (8.0_261-b12) (build 1.8.0_261-b12)
# Java VM: Java HotSpot(TM) 64-Bit Server VM (25.261-b12 mixed mode windows-amd64 compressed oops)
Heap:
 PSYoungGen      total 329728K, used 257187K [0x0000000780900000, 0x0000000797780000, 0x00000007c0000000)
  eden space 317952K, 80% used [0x0000000780900000,0x0000000790428d38,0x0000000793f80000)
  from space 11776K, 0% used [0x0000000794a80000,0x0000000794a80000,0x0000000795600000)
  to   space 11264K, 0% used [0x0000000793f80000,0x0000000793f80000,0x0000000794a80000)
 ParOldGen       total 86528K, used 13089K [0x0000000701a00000, 0x0000000706e80000, 0x0000000780900000)
  object space 86528K, 15% used [0x0000000701a00000,0x00000007026c8658,0x0000000706e80000)
 Metaspace       used 49170K, capacity 52256K, committed 52352K, reserved 1093632K
  class space    used 6784K, capacity 7275K, committed 7296K, reserved 1048576K
GC Heap History (10 events):
Event: 2.842 GC heap before
{Heap before GC invocations=6 (full 1):
 PSYoungGen      total 106496K, used 5694K [0x0000000780900000, 0x000000078d900000, 0x00000007c0000000)
  eden space 98304K, 0% used [0x0000000780900000,0x0000000780900000,0x0000000786900000)
  from space 8192K, 69% used [0x0000000786900000,0x0000000786e8f950,0x0000000787100000)
  to   space 8192K, 0% used [0x000000078d100000,0x000000078d100000,0x000000078d900000)
 ParOldGen       total 131072K, used 40K [0x0000000701a00000, 0x0000000709a00000, 0x0000000780900000)
  object space 131072K, 0% used [0x0000000701a00000,0x0000000701a0a000,0x0000000709a00000)
 Metaspace       used 20366K, capacity 21156K, committed 21248K, reserved 1067008K
  class space    used 2588K, capacity 2776K, committed 2816K, reserved 1048576K
Event: 2.885 GC heap after
Heap after GC invocations=6 (full 1):
 PSYoungGen      total 106496K, used 0K [0x0000000780900000, 0x000000078d900000, 0x00000007c0000000)
  eden space 98304K, 0% used [0x0000000780900000,0x0000000780900000,0x0000000786900000)
  from space 8192K, 0% used [0x0000000786900000,0x0000000786900000,0x0000000787100000)
  to   space 8192K, 0% used [0x000000078d100000,0x000000078d100000,0x000000078d900000)
 ParOldGen       total 62464K, used 5578K [0x0000000701a00000, 0x0000000705700000, 0x0000000780900000)
  object space 62464K, 8% used [0x0000000701a00000,0x0000000701f72b78,0x0000000705700000)
 Metaspace       used 20366K, capacity 21156K, committed 21248K, reserved 1067008K
  class space    used 2588K, capacity 2776K, committed 2816K, reserved 1048576K
}
Event: 4.014 GC heap before
{Heap before GC invocations=7 (full 1):
 PSYoungGen      total 106496K, used 98304K [0x0000000780900000, 0x000000078d900000, 0x00000007c0000000)
  eden space 98304K, 100% used [0x0000000780900000,0x0000000786900000,0x0000000786900000)
  from space 8192K, 0% used [0x0000000786900000,0x0000000786900000,0x0000000787100000)
  to   space 8192K, 0% used [0x000000078d100000,0x000000078d100000,0x000000078d900000)
 ParOldGen       total 62464K, used 5578K [0x0000000701a00000, 0x0000000705700000, 0x0000000780900000)
  object space 62464K, 8% used [0x0000000701a00000,0x0000000701f72b78,0x0000000705700000)
 Metaspace       used 24121K, capacity 25408K, committed 25472K, reserved 1071104K
  class space    used 3168K, capacity 3450K, committed 3456K, reserved 1048576K
Event: 4.023 GC heap after
Heap after GC invocations=7 (full 1):
 PSYoungGen      total 186368K, used 7420K [0x0000000780900000, 0x000000078d880000, 0x00000007c0000000)
  eden space 178688K, 0% used [0x0000000780900000,0x0000000780900000,0x000000078b780000)
  from space 7680K, 96% used [0x000000078d100000,0x000000078d83f0e8,0x000000078d880000)
  to   space 8704K, 0% used [0x000000078c780000,0x000000078c780000,0x000000078d000000)
 ParOldGen       total 62464K, used 5586K [0x0000000701a00000, 0x0000000705700000, 0x0000000780900000)
  object space 62464K, 8% used [0x0000000701a00000,0x0000000701f74b78,0x0000000705700000)
 Metaspace       used 24121K, capacity 25408K, committed 25472K, reserved 1071104K
  class space    used 3168K, capacity 3450K, committed 3456K, reserved 1048576K
}
Event: 5.820 GC heap before
{Heap before GC invocations=8 (full 1):
 PSYoungGen      total 186368K, used 186108K [0x0000000780900000, 0x000000078d880000, 0x00000007c0000000)
  eden space 178688K, 100% used [0x0000000780900000,0x000000078b780000,0x000000078b780000)
  from space 7680K, 96% used [0x000000078d100000,0x000000078d83f0e8,0x000000078d880000)
  to   space 8704K, 0% used [0x000000078c780000,0x000000078c780000,0x000000078d000000)
 ParOldGen       total 62464K, used 5586K [0x0000000701a00000, 0x0000000705700000, 0x0000000780900000)
  object space 62464K, 8% used [0x0000000701a00000,0x0000000701f74b78,0x0000000705700000)
 Metaspace       used 32350K, capacity 34308K, committed 34432K, reserved 1079296K
  class space    used 4327K, capacity 4698K, committed 4736K, reserved 1048576K
Event: 5.837 GC heap after
Heap after GC invocations=8 (full 1):
 PSYoungGen      total 203776K, used 8674K [0x0000000780900000, 0x0000000795600000, 0x00000007c0000000)
  eden space 195072K, 0% used [0x0000000780900000,0x0000000780900000,0x000000078c780000)
  from space 8704K, 99% used [0x000000078c780000,0x000000078cff88c8,0x000000078d000000)
  to   space 11776K, 0% used [0x0000000794a80000,0x0000000794a80000,0x0000000795600000)
 ParOldGen       total 62464K, used 9954K [0x0000000701a00000, 0x0000000705700000, 0x0000000780900000)
  object space 62464K, 15% used [0x0000000701a00000,0x00000007023b8b60,0x0000000705700000)
 Metaspace       used 32350K, capacity 34308K, committed 34432K, reserved 1079296K
  class space    used 4327K, capacity 4698K, committed 4736K, reserved 1048576K
}
Event: 5.997 GC heap before
{Heap before GC invocations=9 (full 1):
 PSYoungGen      total 203776K, used 27345K [0x0000000780900000, 0x0000000795600000, 0x00000007c0000000)
  eden space 195072K, 9% used [0x0000000780900000,0x0000000781b3bd40,0x000000078c780000)
  from space 8704K, 99% used [0x000000078c780000,0x000000078cff88c8,0x000000078d000000)
  to   space 11776K, 0% used [0x0000000794a80000,0x0000000794a80000,0x0000000795600000)
 ParOldGen       total 62464K, used 9954K [0x0000000701a00000, 0x0000000705700000, 0x0000000780900000)
  object space 62464K, 15% used [0x0000000701a00000,0x00000007023b8b60,0x0000000705700000)
 Metaspace       used 33206K, capacity 35336K, committed 35416K, reserved 1079296K
  class space    used 4489K, capacity 4852K, committed 4864K, reserved 1048576K
Event: 6.014 GC heap after
Heap after GC invocations=9 (full 1):
 PSYoungGen      total 329728K, used 8147K [0x0000000780900000, 0x0000000797780000, 0x00000007c0000000)
  eden space 317952K, 0% used [0x0000000780900000,0x0000000780900000,0x0000000793f80000)
  from space 11776K, 69% used [0x0000000794a80000,0x0000000795274e60,0x0000000795600000)
  to   space 11264K, 0% used [0x0000000793f80000,0x0000000793f80000,0x0000000794a80000)
 ParOldGen       total 62464K, used 9962K [0x0000000701a00000, 0x0000000705700000, 0x0000000780900000)
  object space 62464K, 15% used [0x0000000701a00000,0x00000007023bab60,0x0000000705700000)
 Metaspace       used 33206K, capacity 35336K, committed 35416K, reserved 1079296K
  class space    used 4489K, capacity 4852K, committed 4864K, reserved 1048576K
}
Event: 6.014 GC heap before
{Heap before GC invocations=10 (full 2):
 PSYoungGen      total 329728K, used 8147K [0x0000000780900000, 0x0000000797780000, 0x00000007c0000000)
  eden space 317952K, 0% used [0x0000000780900000,0x0000000780900000,0x0000000793f80000)
  from space 11776K, 69% used [0x0000000794a80000,0x0000000795274e60,0x0000000795600000)
  to   space 11264K, 0% used [0x0000000793f80000,0x0000000793f80000,0x0000000794a80000)
 ParOldGen       total 62464K, used 9962K [0x0000000701a00000, 0x0000000705700000, 0x0000000780900000)
  object space 62464K, 15% used [0x0000000701a00000,0x00000007023bab60,0x0000000705700000)
 Metaspace       used 33206K, capacity 35336K, committed 35416K, reserved 1079296K
  class space    used 4489K, capacity 4852K, committed 4864K, reserved 1048576K
Event: 6.097 GC heap after
Heap after GC invocations=10 (full 2):
 PSYoungGen      total 329728K, used 0K [0x0000000780900000, 0x0000000797780000, 0x00000007c0000000)
  eden space 317952K, 0% used [0x0000000780900000,0x0000000780900000,0x0000000793f80000)
  from space 11776K, 0% used [0x0000000794a80000,0x0000000794a80000,0x0000000795600000)
  to   space 11264K, 0% used [0x0000000793f80000,0x0000000793f80000,0x0000000794a80000)
 ParOldGen       total 86528K, used 13089K [0x0000000701a00000, 0x0000000706e80000, 0x0000000780900000)
  object space 86528K, 15% used [0x0000000701a00000,0x00000007026c8658,0x0000000706e80000)
 Metaspace       used 33206K, capacity 35336K, committed 35416K, reserved 1079296K
  class space    used 4489K, capacity 4852K, committed 4864K, reserved 1048576K
}

